<?xml version="1.0" encoding="UTF-8"?>
<testsuite name="RetanguloTest" tests="4" skipped="0" failures="0" errors="0" timestamp="2023-06-09T11:18:21" hostname="VITORPC" time="0.023">
  <properties/>
  <testcase name="calcularPerimetroNegativoOu0Test()" classname="RetanguloTest" time="0.016"/>
  <testcase name="calcularPerimetroTest()" classname="RetanguloTest" time="0.002"/>
  <testcase name="calcularAreaNegativoOu0Test()" classname="RetanguloTest" time="0.001"/>
  <testcase name="calcularAreaTest()" classname="RetanguloTest" time="0.0"/>
  <system-out><![CDATA[]]></system-out>
  <system-err><![CDATA[]]></system-err>
</testsuite>
